#
# There is insufficient memory for the Java Runtime Environment to continue.
# Native memory allocation (mmap) failed to map 16777216 bytes for G1 virtual space
# Possible reasons:
#   The system is out of physical RAM or swap space
#   The process is running with CompressedOops enabled, and the Java Heap may be blocking the growth of the native heap
# Possible solutions:
#   Reduce memory load on the system
#   Increase physical memory or swap space
#   Check if swap backing store is full
#   Decrease Java heap size (-Xmx/-Xms)
#   Decrease number of Java threads
#   Decrease Java thread stack sizes (-Xss)
#   Set larger code cache with -XX:ReservedCodeCacheSize=
#   JVM is running with Unscaled Compressed Oops mode in which the Java heap is
#     placed in the first 4GB address space. The Java Heap base address is the
#     maximum limit for the native heap growth. Please use -XX:HeapBaseMinAddress
#     to set the Java Heap base and to place the Java Heap above 4GB virtual address.
# This output file may be truncated or incomplete.
#
#  Out of Memory Error (os_windows.cpp:3771), pid=55776, tid=64236
#
# JRE version: OpenJDK Runtime Environment (17.0.7) (build 17.0.7+0-b2043.56-10550314)
# Java VM: OpenJDK 64-Bit Server VM (17.0.7+0-b2043.56-10550314, mixed mode, tiered, compressed oops, compressed class ptrs, g1 gc, windows-amd64)
# No core dump will be written. Minidumps are not enabled by default on client versions of Windows
#

---------------  S U M M A R Y ------------

Command Line: org.jetbrains.kotlin.cli.jvm.K2JVMCompiler @C:\Users\User\AndroidStudioProjects\My_wishlist_App\app\build\20231214_13574707459806934039.compiler.options

Host: AMD Ryzen 3 3250U with Radeon Graphics         , 4 cores, 3G,  Windows 11 , 64 bit Build 22000 (10.0.22000.2538)
Time: Thu Dec 14 19:01:24 2023 India Standard Time elapsed time: 13.175204 seconds (0d 0h 0m 13s)

---------------  T H R E A D  ---------------

Current thread (0x000002556de6aee0):  VMThread "VM Thread" [stack: 0x000000feb2800000,0x000000feb2900000] [id=64236]

Stack: [0x000000feb2800000,0x000000feb2900000]
Native frames: (J=compiled Java code, j=interpreted, Vv=VM code, C=native code)
V  [jvm.dll+0x683bfa]
V  [jvm.dll+0x8430a4]
V  [jvm.dll+0x8449be]
V  [jvm.dll+0x845023]
V  [jvm.dll+0x24ad2f]
V  [jvm.dll+0x680ac9]
V  [jvm.dll+0x67519a]
V  [jvm.dll+0x30b3cb]
V  [jvm.dll+0x312876]
V  [jvm.dll+0x36221e]
V  [jvm.dll+0x36244f]
V  [jvm.dll+0x2e14a8]
V  [jvm.dll+0x2df684]
V  [jvm.dll+0x2dec8c]
V  [jvm.dll+0x32382b]
V  [jvm.dll+0x8496eb]
V  [jvm.dll+0x84a424]
V  [jvm.dll+0x84a93d]
V  [jvm.dll+0x84ad14]
V  [jvm.dll+0x84ade0]
V  [jvm.dll+0x7f2aea]
V  [jvm.dll+0x682a35]
C  [ucrtbase.dll+0x26c0c]
C  [KERNEL32.DLL+0x153e0]
C  [ntdll.dll+0x485b]

VM_Operation (0x000000feb22fa460): G1CollectForAllocation, mode: safepoint, requested by thread 0x00000255574ae170


---------------  P R O C E S S  ---------------

Threads class SMR info:
_java_thread_list=0x000002556e293100, length=12, elements={
0x00000255574ae170, 0x000002556de6daf0, 0x000002556dea0010, 0x000002556ded3870,
0x000002556ded4cf0, 0x000002556ded6c20, 0x000002556ded9630, 0x000002556deee3e0,
0x000002556def02a0, 0x000002556def0c90, 0x000002556dedae40, 0x000002556ded9b00
}

Java Threads: ( => current thread )
  0x00000255574ae170 JavaThread "main" [_thread_blocked, id=54268, stack(0x000000feb2200000,0x000000feb2300000)]
  0x000002556de6daf0 JavaThread "Reference Handler" daemon [_thread_blocked, id=60376, stack(0x000000feb2900000,0x000000feb2a00000)]
  0x000002556dea0010 JavaThread "Finalizer" daemon [_thread_blocked, id=65184, stack(0x000000feb2a00000,0x000000feb2b00000)]
  0x000002556ded3870 JavaThread "Signal Dispatcher" daemon [_thread_blocked, id=54016, stack(0x000000feb2b00000,0x000000feb2c00000)]
  0x000002556ded4cf0 JavaThread "Attach Listener" daemon [_thread_blocked, id=68488, stack(0x000000feb2c00000,0x000000feb2d00000)]
  0x000002556ded6c20 JavaThread "Service Thread" daemon [_thread_blocked, id=70024, stack(0x000000feb2d00000,0x000000feb2e00000)]
  0x000002556ded9630 JavaThread "Monitor Deflation Thread" daemon [_thread_blocked, id=4772, stack(0x000000feb2e00000,0x000000feb2f00000)]
  0x000002556deee3e0 JavaThread "C2 CompilerThread0" daemon [_thread_blocked, id=56364, stack(0x000000feb2f00000,0x000000feb3000000)]
  0x000002556def02a0 JavaThread "C1 CompilerThread0" daemon [_thread_blocked, id=57540, stack(0x000000feb3000000,0x000000feb3100000)]
  0x000002556def0c90 JavaThread "Sweeper thread" daemon [_thread_blocked, id=59592, stack(0x000000feb3100000,0x000000feb3200000)]
  0x000002556dedae40 JavaThread "Notification Thread" daemon [_thread_blocked, id=67972, stack(0x000000feb3200000,0x000000feb3300000)]
  0x000002556ded9b00 JavaThread "Common-Cleaner" daemon [_thread_blocked, id=58600, stack(0x000000feb3400000,0x000000feb3500000)]

Other Threads:
=>0x000002556de6aee0 VMThread "VM Thread" [stack: 0x000000feb2800000,0x000000feb2900000] [id=64236]
  0x000002556e28e3b0 WatcherThread [stack: 0x000000feb3300000,0x000000feb3400000] [id=64032]
  0x00000255574ec6c0 GCTaskThread "GC Thread#0" [stack: 0x000000feb2300000,0x000000feb2400000] [id=69668]
  0x000002556e5f1bd0 GCTaskThread "GC Thread#1" [stack: 0x000000feb3500000,0x000000feb3600000] [id=46868]
  0x000002556e66bf80 GCTaskThread "GC Thread#2" [stack: 0x000000feb3600000,0x000000feb3700000] [id=70072]
  0x000002556e6b4060 GCTaskThread "GC Thread#3" [stack: 0x000000feb3700000,0x000000feb3800000] [id=68632]
  0x00000255574f4140 ConcurrentGCThread "G1 Main Marker" [stack: 0x000000feb2400000,0x000000feb2500000] [id=64136]
  0x00000255574f5a60 ConcurrentGCThread "G1 Conc#0" [stack: 0x000000feb2500000,0x000000feb2600000] [id=49068]
  0x00000255575343d0 ConcurrentGCThread "G1 Refine#0" [stack: 0x000000feb2600000,0x000000feb2700000] [id=66384]
  0x000002556e795b40 ConcurrentGCThread "G1 Refine#1" [stack: 0x000000feb3800000,0x000000feb3900000] [id=64016]
  0x0000025557534cf0 ConcurrentGCThread "G1 Service" [stack: 0x000000feb2700000,0x000000feb2800000] [id=58508]

Threads with active compile tasks:

VM state: at safepoint (normal execution)

VM Mutex/Monitor currently owned by a thread:  ([mutex/lock_event])
[0x00000255574aa4a0] Threads_lock - owner thread: 0x000002556de6aee0
[0x00000255574a99f0] Heap_lock - owner thread: 0x00000255574ae170

Heap address: 0x00000000c9e00000, size: 866 MB, Compressed Oops mode: 32-bit

CDS archive(s) not mapped
Compressed class space mapped at: 0x0000000100000000-0x0000000140000000, reserved size: 1073741824
Narrow klass base: 0x0000000000000000, Narrow klass shift: 3, Narrow klass range: 0x140000000

GC Precious Log:
 CPUs: 4 total, 4 available
 Memory: 3460M
 Large Page Support: Disabled
 NUMA Support: Disabled
 Compressed Oops: Enabled (32-bit)
 Heap Region Size: 1M
 Heap Min Capacity: 8M
 Heap Initial Capacity: 56M
 Heap Max Capacity: 866M
 Pre-touch: Disabled
 Parallel Workers: 4
 Concurrent Workers: 1
 Concurrent Refinement Workers: 4
 Periodic GC: Disabled

Heap:
 garbage-first heap   total 40960K, used 21018K [0x00000000c9e00000, 0x0000000100000000)
  region size 1024K, 2 young (2048K), 2 survivors (2048K)
 Metaspace       used 42248K, committed 42496K, reserved 1114112K
  class space    used 5226K, committed 5312K, reserved 1048576K

Heap Regions: E=young(eden), S=young(survivor), O=old, HS=humongous(starts), HC=humongous(continues), CS=collection set, F=free, OA=open archive, CA=closed archive, TAMS=top-at-mark-start (previous, next)
|   0|0x00000000c9e00000, 0x00000000c9f00000, 0x00000000c9f00000|100%|HS|  |TAMS 0x00000000c9f00000, 0x00000000c9e00000| Complete 
|   1|0x00000000c9f00000, 0x00000000ca000000, 0x00000000ca000000|100%|HC|  |TAMS 0x00000000ca000000, 0x00000000c9f00000| Complete 
|   2|0x00000000ca000000, 0x00000000ca100000, 0x00000000ca100000|100%|HC|  |TAMS 0x00000000ca100000, 0x00000000ca000000| Complete 
|   3|0x00000000ca100000, 0x00000000ca200000, 0x00000000ca200000|100%|HC|  |TAMS 0x00000000ca200000, 0x00000000ca100000| Complete 
|   4|0x00000000ca200000, 0x00000000ca300000, 0x00000000ca300000|100%| O|  |TAMS 0x00000000ca300000, 0x00000000ca200000| Untracked 
|   5|0x00000000ca300000, 0x00000000ca3efc00, 0x00000000ca400000| 93%| O|  |TAMS 0x00000000ca3efc00, 0x00000000ca300000| Untracked 
|   6|0x00000000ca400000, 0x00000000ca500000, 0x00000000ca500000|100%| O|  |TAMS 0x00000000ca500000, 0x00000000ca400000| Untracked 
|   7|0x00000000ca500000, 0x00000000ca600000, 0x00000000ca600000|100%| O|  |TAMS 0x00000000ca600000, 0x00000000ca500000| Untracked 
|   8|0x00000000ca600000, 0x00000000ca600000, 0x00000000ca700000|  0%| F|  |TAMS 0x00000000ca600000, 0x00000000ca600000| Untracked 
|   9|0x00000000ca700000, 0x00000000ca700000, 0x00000000ca800000|  0%| F|  |TAMS 0x00000000ca700000, 0x00000000ca700000| Untracked 
|  10|0x00000000ca800000, 0x00000000ca900000, 0x00000000ca900000|100%| O|  |TAMS 0x00000000ca900000, 0x00000000ca800000| Untracked 
|  11|0x00000000ca900000, 0x00000000caa00000, 0x00000000caa00000|100%| O|  |TAMS 0x00000000caa00000, 0x00000000ca900000| Untracked 
|  12|0x00000000caa00000, 0x00000000cab00000, 0x00000000cab00000|100%| O|  |TAMS 0x00000000cab00000, 0x00000000caa00000| Untracked 
|  13|0x00000000cab00000, 0x00000000cac00000, 0x00000000cac00000|100%| O|  |TAMS 0x00000000cac00000, 0x00000000cab00000| Untracked 
|  14|0x00000000cac00000, 0x00000000cad00000, 0x00000000cad00000|100%| O|  |TAMS 0x00000000cad00000, 0x00000000cac00000| Untracked 
|  15|0x00000000cad00000, 0x00000000cae00000, 0x00000000cae00000|100%| O|  |TAMS 0x00000000cae00000, 0x00000000cad00000| Untracked 
|  16|0x00000000cae00000, 0x00000000caf00000, 0x00000000caf00000|100%| O|  |TAMS 0x00000000caf00000, 0x00000000cae00000| Untracked 
|  17|0x00000000caf00000, 0x00000000cb000000, 0x00000000cb000000|100%| O|  |TAMS 0x00000000cb000000, 0x00000000caf00000| Untracked 
|  18|0x00000000cb000000, 0x00000000cb100000, 0x00000000cb100000|100%| O|  |TAMS 0x00000000cb100000, 0x00000000cb000000| Untracked 
|  19|0x00000000cb100000, 0x00000000cb200000, 0x00000000cb200000|100%| O|  |TAMS 0x00000000cb200000, 0x00000000cb100000| Untracked 
|  20|0x00000000cb200000, 0x00000000cb2dd800, 0x00000000cb300000| 86%| O|  |TAMS 0x00000000cb2dd800, 0x00000000cb200000| Untracked 
|  21|0x00000000cb300000, 0x00000000cb300000, 0x00000000cb400000|  0%| F|  |TAMS 0x00000000cb300000, 0x00000000cb300000| Untracked 
|  22|0x00000000cb400000, 0x00000000cb400000, 0x00000000cb500000|  0%| F|  |TAMS 0x00000000cb400000, 0x00000000cb400000| Untracked 
|  23|0x00000000cb500000, 0x00000000cb500000, 0x00000000cb600000|  0%| F|  |TAMS 0x00000000cb500000, 0x00000000cb500000| Untracked 
|  24|0x00000000cb600000, 0x00000000cb600000, 0x00000000cb700000|  0%| F|  |TAMS 0x00000000cb600000, 0x00000000cb600000| Untracked 
|  25|0x00000000cb700000, 0x00000000cb700000, 0x00000000cb800000|  0%| F|  |TAMS 0x00000000cb700000, 0x00000000cb700000| Untracked 
|  26|0x00000000cb800000, 0x00000000cb8b96e8, 0x00000000cb900000| 72%| S|CS|TAMS 0x00000000cb800000, 0x00000000cb800000| Complete 
|  27|0x00000000cb900000, 0x00000000cba00000, 0x00000000cba00000|100%| S|CS|TAMS 0x00000000cb900000, 0x00000000cb900000| Complete 
|  28|0x00000000cba00000, 0x00000000cba00000, 0x00000000cbb00000|  0%| F|  |TAMS 0x00000000cba00000, 0x00000000cba00000| Untracked 
|  29|0x00000000cbb00000, 0x00000000cbb00000, 0x00000000cbc00000|  0%| F|  |TAMS 0x00000000cbb00000, 0x00000000cbb00000| Untracked 
|  30|0x00000000cbc00000, 0x00000000cbc00000, 0x00000000cbd00000|  0%| F|  |TAMS 0x00000000cbc00000, 0x00000000cbc00000| Untracked 
|  31|0x00000000cbd00000, 0x00000000cbd00000, 0x00000000cbe00000|  0%| F|  |TAMS 0x00000000cbd00000, 0x00000000cbd00000| Untracked 
|  32|0x00000000cbe00000, 0x00000000cbe00000, 0x00000000cbf00000|  0%| F|  |TAMS 0x00000000cbe00000, 0x00000000cbe00000| Untracked 
|  33|0x00000000cbf00000, 0x00000000cbf00000, 0x00000000cc000000|  0%| F|  |TAMS 0x00000000cbf00000, 0x00000000cbf00000| Untracked 
|  34|0x00000000cc000000, 0x00000000cc000000, 0x00000000cc100000|  0%| F|  |TAMS 0x00000000cc000000, 0x00000000cc000000| Untracked 
|  35|0x00000000cc100000, 0x00000000cc100000, 0x00000000cc200000|  0%| F|  |TAMS 0x00000000cc100000, 0x00000000cc100000| Untracked 
|  36|0x00000000cc200000, 0x00000000cc200000, 0x00000000cc300000|  0%| F|  |TAMS 0x00000000cc200000, 0x00000000cc200000| Untracked 
|  37|0x00000000cc300000, 0x00000000cc300000, 0x00000000cc400000|  0%| F|  |TAMS 0x00000000cc300000, 0x00000000cc300000| Untracked 
|  38|0x00000000cc400000, 0x00000000cc400000, 0x00000000cc500000|  0%| F|  |TAMS 0x00000000cc400000, 0x00000000cc400000| Untracked 
|  55|0x00000000cd500000, 0x00000000cd500000, 0x00000000cd600000|  0%| F|  |TAMS 0x00000000cd500000, 0x00000000cd500000| Untracked 

Card table byte_map: [0x0000025569b50000,0x0000025569d10000] _byte_map_base: 0x0000025569501000

Marking Bits (Prev, Next): (CMBitMap*) 0x00000255574ecc10, (CMBitMap*) 0x00000255574ecbd0
 Prev Bits: [0x000002556ac60000, 0x000002556b9e8000)
 Next Bits: [0x0000025569ed0000, 0x000002556ac58000)

Polling page: 0x0000025556c80000

Metaspace:

Usage:
  Non-class:     36.15 MB used.
      Class:      5.10 MB used.
       Both:     41.26 MB used.

Virtual space:
  Non-class space:       64.00 MB reserved,      36.31 MB ( 57%) committed,  1 nodes.
      Class space:        1.00 GB reserved,       5.19 MB ( <1%) committed,  1 nodes.
             Both:        1.06 GB reserved,      41.50 MB (  4%) committed. 

Chunk freelists:
   Non-Class:  11.34 MB
       Class:  10.78 MB
        Both:  22.12 MB

MaxMetaspaceSize: unlimited
CompressedClassSpaceSize: 1.00 GB
Initial GC threshold: 21.00 MB
Current GC threshold: 66.06 MB
CDS: off
MetaspaceReclaimPolicy: balanced
 - commit_granule_bytes: 65536.
 - commit_granule_words: 8192.
 - virtual_space_node_default_size: 8388608.
 - enlarge_chunks_in_place: 1.
 - new_chunks_are_fully_committed: 0.
 - uncommit_free_chunks: 1.
 - use_allocation_guard: 0.
 - handle_deallocations: 1.


Internal statistics:

num_allocs_failed_limit: 6.
num_arena_births: 156.
num_arena_deaths: 0.
num_vsnodes_births: 2.
num_vsnodes_deaths: 0.
num_space_committed: 663.
num_space_uncommitted: 0.
num_chunks_returned_to_freelist: 6.
num_chunks_taken_from_freelist: 1311.
num_chunk_merges: 3.
num_chunk_splits: 1105.
num_chunks_enlarged: 1002.
num_inconsistent_stats: 0.

CodeHeap 'non-profiled nmethods': size=120000Kb used=1139Kb max_used=1139Kb free=118860Kb
 bounds [0x0000025562460000, 0x00000255626d0000, 0x0000025569990000]
CodeHeap 'profiled nmethods': size=120000Kb used=5640Kb max_used=5640Kb free=114359Kb
 bounds [0x000002555a990000, 0x000002555af20000, 0x0000025561ec0000]
CodeHeap 'non-nmethods': size=5760Kb used=1258Kb max_used=1271Kb free=4502Kb
 bounds [0x0000025561ec0000, 0x0000025562130000, 0x0000025562460000]
 total_blobs=3397 nmethods=2830 adapters=479
 compilation: enabled
              stopped_count=0, restarted_count=0
 full_count=0

Compilation events (20 events):
Event: 13.151 Thread 0x000002556def02a0 2822       1       org.jetbrains.kotlin.resolve.ImportPath::getFqName (5 bytes)
Event: 13.151 Thread 0x000002556def02a0 nmethod 2822 0x000002556257c090 code [0x000002556257c220, 0x000002556257c2f8]
Event: 13.151 Thread 0x000002556def02a0 2820       1       org.jetbrains.kotlin.container.SetterInfo::getParameters (5 bytes)
Event: 13.151 Thread 0x000002556def02a0 nmethod 2820 0x000002556257c390 code [0x000002556257c520, 0x000002556257c5f8]
Event: 13.151 Thread 0x000002556def02a0 2823       3       org.jetbrains.kotlin.container.SingletonDescriptor::setState (12 bytes)
Event: 13.152 Thread 0x000002556def02a0 nmethod 2823 0x000002555af09e90 code [0x000002555af0a0a0, 0x000002555af0a698]
Event: 13.152 Thread 0x000002556def02a0 2824       3       org.jetbrains.kotlin.container.ComponentResolveContext::<init> (17 bytes)
Event: 13.153 Thread 0x000002556def02a0 nmethod 2824 0x000002555af0a910 code [0x000002555af0abc0, 0x000002555af0b838]
Event: 13.153 Thread 0x000002556def02a0 2828       3       org.jetbrains.kotlin.container.ResolveKt::computeArguments (103 bytes)
Event: 13.153 Thread 0x000002556deee3e0 2829       4       kotlin.jvm.internal.Intrinsics::checkNotNull (8 bytes)
Event: 13.153 Thread 0x000002556deee3e0 nmethod 2829 0x000002556257c690 code [0x000002556257c800, 0x000002556257c878]
Event: 13.154 Thread 0x000002556def02a0 nmethod 2828 0x000002555af0bc90 code [0x000002555af0c000, 0x000002555af0d7c8]
Event: 13.154 Thread 0x000002556def02a0 2827       3       org.jetbrains.kotlin.container.ResolveKt::bindArguments (156 bytes)
Event: 13.156 Thread 0x000002556def02a0 nmethod 2827 0x000002555af0e010 code [0x000002555af0e3e0, 0x000002555af0fe48]
Event: 13.156 Thread 0x000002556def02a0 2825       3       org.jetbrains.kotlin.container.StorageComponentContainer::createResolveContext (40 bytes)
Event: 13.157 Thread 0x000002556def02a0 nmethod 2825 0x000002555af10810 code [0x000002555af10a80, 0x000002555af11548]
Event: 13.157 Thread 0x000002556def02a0 2830       1       org.jetbrains.kotlin.container.SetterInfo::component1 (5 bytes)
Event: 13.157 Thread 0x000002556def02a0 nmethod 2830 0x000002556257c990 code [0x000002556257cb20, 0x000002556257cbf8]
Event: 13.157 Thread 0x000002556def02a0 2826       3       sun.reflect.generics.reflectiveObjects.ParameterizedTypeImpl::hashCode (24 bytes)
Event: 13.158 Thread 0x000002556def02a0 nmethod 2826 0x000002555af11910 code [0x000002555af11ae0, 0x000002555af11f28]

GC Heap History (20 events):
Event: 1.834 GC heap after
{Heap after GC invocations=2 (full 0):
 garbage-first heap   total 57344K, used 7804K [0x00000000c9e00000, 0x0000000100000000)
  region size 1024K, 2 young (2048K), 2 survivors (2048K)
 Metaspace       used 14663K, committed 14784K, reserved 1114112K
  class space    used 1461K, committed 1536K, reserved 1048576K
}
Event: 5.426 GC heap before
{Heap before GC invocations=2 (full 0):
 garbage-first heap   total 57344K, used 31356K [0x00000000c9e00000, 0x0000000100000000)
  region size 1024K, 26 young (26624K), 2 survivors (2048K)
 Metaspace       used 21435K, committed 21504K, reserved 1114112K
  class space    used 2385K, committed 2432K, reserved 1048576K
}
Event: 5.437 GC heap after
{Heap after GC invocations=3 (full 0):
 garbage-first heap   total 57344K, used 10330K [0x00000000c9e00000, 0x0000000100000000)
  region size 1024K, 5 young (5120K), 5 survivors (5120K)
 Metaspace       used 21435K, committed 21504K, reserved 1114112K
  class space    used 2385K, committed 2432K, reserved 1048576K
}
Event: 6.966 GC heap before
{Heap before GC invocations=4 (full 0):
 garbage-first heap   total 40960K, used 31834K [0x00000000c9e00000, 0x0000000100000000)
  region size 1024K, 27 young (27648K), 5 survivors (5120K)
 Metaspace       used 28533K, committed 28736K, reserved 1114112K
  class space    used 3403K, committed 3520K, reserved 1048576K
}
Event: 6.977 GC heap after
{Heap after GC invocations=5 (full 0):
 garbage-first heap   total 40960K, used 11498K [0x00000000c9e00000, 0x0000000100000000)
  region size 1024K, 2 young (2048K), 2 survivors (2048K)
 Metaspace       used 28533K, committed 28736K, reserved 1114112K
  class space    used 3403K, committed 3520K, reserved 1048576K
}
Event: 9.232 GC heap before
{Heap before GC invocations=5 (full 0):
 garbage-first heap   total 40960K, used 31978K [0x00000000c9e00000, 0x0000000100000000)
  region size 1024K, 20 young (20480K), 2 survivors (2048K)
 Metaspace       used 30160K, committed 30400K, reserved 1114112K
  class space    used 3757K, committed 3840K, reserved 1048576K
}
Event: 9.243 GC heap after
{Heap after GC invocations=6 (full 0):
 garbage-first heap   total 40960K, used 17947K [0x00000000c9e00000, 0x0000000100000000)
  region size 1024K, 3 young (3072K), 3 survivors (3072K)
 Metaspace       used 30160K, committed 30400K, reserved 1114112K
  class space    used 3757K, committed 3840K, reserved 1048576K
}
Event: 10.488 GC heap before
{Heap before GC invocations=6 (full 0):
 garbage-first heap   total 40960K, used 28187K [0x00000000c9e00000, 0x0000000100000000)
  region size 1024K, 14 young (14336K), 3 survivors (3072K)
 Metaspace       used 33254K, committed 33472K, reserved 1114112K
  class space    used 4317K, committed 4416K, reserved 1048576K
}
Event: 10.501 GC heap after
{Heap after GC invocations=7 (full 0):
 garbage-first heap   total 40960K, used 19606K [0x00000000c9e00000, 0x0000000100000000)
  region size 1024K, 2 young (2048K), 2 survivors (2048K)
 Metaspace       used 33254K, committed 33472K, reserved 1114112K
  class space    used 4317K, committed 4416K, reserved 1048576K
}
Event: 11.077 GC heap before
{Heap before GC invocations=7 (full 0):
 garbage-first heap   total 40960K, used 29846K [0x00000000c9e00000, 0x0000000100000000)
  region size 1024K, 12 young (12288K), 2 survivors (2048K)
 Metaspace       used 35236K, committed 35392K, reserved 1114112K
  class space    used 4525K, committed 4608K, reserved 1048576K
}
Event: 11.084 GC heap after
{Heap after GC invocations=8 (full 0):
 garbage-first heap   total 40960K, used 19092K [0x00000000c9e00000, 0x0000000100000000)
  region size 1024K, 2 young (2048K), 2 survivors (2048K)
 Metaspace       used 35236K, committed 35392K, reserved 1114112K
  class space    used 4525K, committed 4608K, reserved 1048576K
}
Event: 11.274 GC heap before
{Heap before GC invocations=8 (full 0):
 garbage-first heap   total 40960K, used 22164K [0x00000000c9e00000, 0x0000000100000000)
  region size 1024K, 6 young (6144K), 2 survivors (2048K)
 Metaspace       used 35824K, committed 35968K, reserved 1114112K
  class space    used 4589K, committed 4672K, reserved 1048576K
}
Event: 11.280 GC heap after
{Heap after GC invocations=9 (full 0):
 garbage-first heap   total 40960K, used 19849K [0x00000000c9e00000, 0x0000000100000000)
  region size 1024K, 1 young (1024K), 1 survivors (1024K)
 Metaspace       used 35824K, committed 35968K, reserved 1114112K
  class space    used 4589K, committed 4672K, reserved 1048576K
}
Event: 12.009 GC heap before
{Heap before GC invocations=10 (full 0):
 garbage-first heap   total 40960K, used 30089K [0x00000000c9e00000, 0x0000000100000000)
  region size 1024K, 11 young (11264K), 1 survivors (1024K)
 Metaspace       used 37724K, committed 37952K, reserved 1114112K
  class space    used 4828K, committed 4928K, reserved 1048576K
}
Event: 12.013 GC heap after
{Heap after GC invocations=11 (full 0):
 garbage-first heap   total 40960K, used 21043K [0x00000000c9e00000, 0x0000000100000000)
  region size 1024K, 2 young (2048K), 2 survivors (2048K)
 Metaspace       used 37724K, committed 37952K, reserved 1114112K
  class space    used 4828K, committed 4928K, reserved 1048576K
}
Event: 12.041 GC heap before
{Heap before GC invocations=11 (full 0):
 garbage-first heap   total 40960K, used 21043K [0x00000000c9e00000, 0x0000000100000000)
  region size 1024K, 3 young (3072K), 2 survivors (2048K)
 Metaspace       used 37929K, committed 38144K, reserved 1114112K
  class space    used 4838K, committed 4928K, reserved 1048576K
}
Event: 12.046 GC heap after
{Heap after GC invocations=12 (full 0):
 garbage-first heap   total 40960K, used 19558K [0x00000000c9e00000, 0x0000000100000000)
  region size 1024K, 1 young (1024K), 1 survivors (1024K)
 Metaspace       used 37929K, committed 38144K, reserved 1114112K
  class space    used 4838K, committed 4928K, reserved 1048576K
}
Event: 12.595 GC heap before
{Heap before GC invocations=12 (full 0):
 garbage-first heap   total 40960K, used 28774K [0x00000000c9e00000, 0x0000000100000000)
  region size 1024K, 11 young (11264K), 1 survivors (1024K)
 Metaspace       used 40058K, committed 40256K, reserved 1114112K
  class space    used 4997K, committed 5056K, reserved 1048576K
}
Event: 12.598 GC heap after
{Heap after GC invocations=13 (full 0):
 garbage-first heap   total 40960K, used 20253K [0x00000000c9e00000, 0x0000000100000000)
  region size 1024K, 1 young (1024K), 1 survivors (1024K)
 Metaspace       used 40058K, committed 40256K, reserved 1114112K
  class space    used 4997K, committed 5056K, reserved 1048576K
}
Event: 13.161 GC heap before
{Heap before GC invocations=14 (full 0):
 garbage-first heap   total 40960K, used 30493K [0x00000000c9e00000, 0x0000000100000000)
  region size 1024K, 12 young (12288K), 1 survivors (1024K)
 Metaspace       used 42248K, committed 42496K, reserved 1114112K
  class space    used 5226K, committed 5312K, reserved 1048576K
}

Dll operation events (2 events):
Event: 0.029 Loaded shared library C:\Program Files\Android\Android Studio\jbr\bin\java.dll
Event: 6.694 Loaded shared library C:\Program Files\Android\Android Studio\jbr\bin\verify.dll

Deoptimization events (20 events):
Event: 11.530 Thread 0x00000255574ae170 Uncommon trap: trap_request=0xffffffc6 fr.pc=0x00000255624bedfc relative=0x0000000000000a5c
Event: 11.530 Thread 0x00000255574ae170 Uncommon trap: reason=bimorphic_or_optimized_type_check action=maybe_recompile pc=0x00000255624bedfc method=java.util.HashMap.putVal(ILjava/lang/Object;Ljava/lang/Object;ZZ)Ljava/lang/Object; @ 91 c2
Event: 11.530 Thread 0x00000255574ae170 DEOPT PACKING pc=0x00000255624bedfc sp=0x000000feb22fab80
Event: 11.530 Thread 0x00000255574ae170 DEOPT UNPACKING pc=0x0000025561f169a3 sp=0x000000feb22fab10 mode 2
Event: 11.530 Thread 0x00000255574ae170 Uncommon trap: trap_request=0xffffffc6 fr.pc=0x00000255624bedfc relative=0x0000000000000a5c
Event: 11.530 Thread 0x00000255574ae170 Uncommon trap: reason=bimorphic_or_optimized_type_check action=maybe_recompile pc=0x00000255624bedfc method=java.util.HashMap.putVal(ILjava/lang/Object;Ljava/lang/Object;ZZ)Ljava/lang/Object; @ 91 c2
Event: 11.530 Thread 0x00000255574ae170 DEOPT PACKING pc=0x00000255624bedfc sp=0x000000feb22fab80
Event: 11.530 Thread 0x00000255574ae170 DEOPT UNPACKING pc=0x0000025561f169a3 sp=0x000000feb22fab10 mode 2
Event: 11.530 Thread 0x00000255574ae170 Uncommon trap: trap_request=0xffffffc6 fr.pc=0x00000255624bedfc relative=0x0000000000000a5c
Event: 11.530 Thread 0x00000255574ae170 Uncommon trap: reason=bimorphic_or_optimized_type_check action=maybe_recompile pc=0x00000255624bedfc method=java.util.HashMap.putVal(ILjava/lang/Object;Ljava/lang/Object;ZZ)Ljava/lang/Object; @ 91 c2
Event: 11.530 Thread 0x00000255574ae170 DEOPT PACKING pc=0x00000255624bedfc sp=0x000000feb22fab80
Event: 11.530 Thread 0x00000255574ae170 DEOPT UNPACKING pc=0x0000025561f169a3 sp=0x000000feb22fab10 mode 2
Event: 11.530 Thread 0x00000255574ae170 Uncommon trap: trap_request=0xffffffc6 fr.pc=0x00000255624bedfc relative=0x0000000000000a5c
Event: 11.530 Thread 0x00000255574ae170 Uncommon trap: reason=bimorphic_or_optimized_type_check action=maybe_recompile pc=0x00000255624bedfc method=java.util.HashMap.putVal(ILjava/lang/Object;Ljava/lang/Object;ZZ)Ljava/lang/Object; @ 91 c2
Event: 11.530 Thread 0x00000255574ae170 DEOPT PACKING pc=0x00000255624bedfc sp=0x000000feb22fab80
Event: 11.530 Thread 0x00000255574ae170 DEOPT UNPACKING pc=0x0000025561f169a3 sp=0x000000feb22fab10 mode 2
Event: 12.978 Thread 0x00000255574ae170 Uncommon trap: trap_request=0xffffff45 fr.pc=0x00000255624889d8 relative=0x0000000000000438
Event: 12.979 Thread 0x00000255574ae170 Uncommon trap: reason=unstable_if action=reinterpret pc=0x00000255624889d8 method=java.lang.StringLatin1.indexOf([BI[BII)I @ 27 c2
Event: 12.979 Thread 0x00000255574ae170 DEOPT PACKING pc=0x00000255624889d8 sp=0x000000feb22fba10
Event: 12.979 Thread 0x00000255574ae170 DEOPT UNPACKING pc=0x0000025561f169a3 sp=0x000000feb22fb970 mode 2

Classes unloaded (0 events):
No events

Classes redefined (0 events):
No events

Internal exceptions (20 events):
Event: 5.908 Thread 0x00000255574ae170 Exception <a 'java/lang/NoSuchMethodError'{0x00000000cc0fce48}: 'int java.lang.invoke.DirectMethodHandle$Holder.invokeSpecial(java.lang.Object, java.lang.Object, java.lang.Object)'> (0x00000000cc0fce48) 
thrown [s\src\hotspot\share\interpreter\linkResolver.cpp, line 771]
Event: 5.909 Thread 0x00000255574ae170 Exception <a 'java/lang/NoSuchMethodError'{0x00000000cbf01158}: 'int java.lang.invoke.DirectMethodHandle$Holder.invokeSpecial(java.lang.Object, java.lang.Object, java.lang.Object, java.lang.Object)'> (0x00000000cbf01158) 
thrown [s\src\hotspot\share\interpreter\linkResolver.cpp, line 771]
Event: 5.910 Thread 0x00000255574ae170 Exception <a 'java/lang/NoSuchMethodError'{0x00000000cbf048e8}: 'int java.lang.invoke.Invokers$Holder.invoke_MT(java.lang.Object, java.lang.Object, java.lang.Object, java.lang.Object)'> (0x00000000cbf048e8) 
thrown [s\src\hotspot\share\interpreter\linkResolver.cpp, line 771]
Event: 5.914 Thread 0x00000255574ae170 Exception <a 'java/lang/NoSuchMethodError'{0x00000000cbf13e70}: 'void java.lang.invoke.DelegatingMethodHandle$Holder.reinvoke_L(java.lang.Object, java.lang.Object, java.lang.Object, long, java.lang.Object)'> (0x00000000cbf13e70) 
thrown [s\src\hotspot\share\interpreter\linkResolver.cpp, line 771]
Event: 5.916 Thread 0x00000255574ae170 Exception <a 'java/lang/NoSuchMethodError'{0x00000000cbf1baa8}: 'java.lang.Object java.lang.invoke.DirectMethodHandle$Holder.invokeSpecial(java.lang.Object, java.lang.Object, java.lang.Object, java.lang.Object, long)'> (0x00000000cbf1baa8) 
thrown [s\src\hotspot\share\interpreter\linkResolver.cpp, line 771]
Event: 5.918 Thread 0x00000255574ae170 Exception <a 'java/lang/NoSuchMethodError'{0x00000000cbf2ae68}: 'int java.lang.invoke.DelegatingMethodHandle$Holder.reinvoke_L(java.lang.Object, java.lang.Object, java.lang.Object, long, java.lang.Object, java.lang.Object)'> (0x00000000cbf2ae68) 
thrown [s\src\hotspot\share\interpreter\linkResolver.cpp, line 771]
Event: 5.919 Thread 0x00000255574ae170 Exception <a 'java/lang/NoSuchMethodError'{0x00000000cbf399f8}: 'int java.lang.invoke.DelegatingMethodHandle$Holder.reinvoke_L(java.lang.Object, java.lang.Object, java.lang.Object, long, int, int)'> (0x00000000cbf399f8) 
thrown [s\src\hotspot\share\interpreter\linkResolver.cpp, line 771]
Event: 5.927 Thread 0x00000255574ae170 Exception <a 'java/lang/NoSuchMethodError'{0x00000000cbf48330}: 'int java.lang.invoke.DelegatingMethodHandle$Holder.reinvoke_L(java.lang.Object, java.lang.Object, java.lang.Object, long, long, long)'> (0x00000000cbf48330) 
thrown [s\src\hotspot\share\interpreter\linkResolver.cpp, line 771]
Event: 5.932 Thread 0x00000255574ae170 Exception <a 'java/lang/NoSuchMethodError'{0x00000000cbf56948}: 'int java.lang.invoke.DelegatingMethodHandle$Holder.reinvoke_L(java.lang.Object, java.lang.Object, java.lang.Object, long, int)'> (0x00000000cbf56948) 
thrown [s\src\hotspot\share\interpreter\linkResolver.cpp, line 771]
Event: 5.965 Thread 0x00000255574ae170 Exception <a 'java/lang/NoSuchMethodError'{0x00000000cbfff668}: 'int java.lang.invoke.DirectMethodHandle$Holder.invokeStaticInit(java.lang.Object, java.lang.Object, java.lang.Object)'> (0x00000000cbfff668) 
thrown [s\src\hotspot\share\interpreter\linkResolver.cpp, line 771]
Event: 5.975 Thread 0x00000255574ae170 Exception <a 'java/lang/NoSuchMethodError'{0x00000000cbe27948}: 'int java.lang.invoke.DirectMethodHandle$Holder.invokeStaticInit(java.lang.Object, java.lang.Object)'> (0x00000000cbe27948) 
thrown [s\src\hotspot\share\interpreter\linkResolver.cpp, line 771]
Event: 6.022 Thread 0x00000255574ae170 Exception <a 'java/lang/NoSuchMethodError'{0x00000000cbd06218}: 'void java.lang.invoke.DirectMethodHandle$Holder.invokeSpecial(java.lang.Object, java.lang.Object, java.lang.Object)'> (0x00000000cbd06218) 
thrown [s\src\hotspot\share\interpreter\linkResolver.cpp, line 771]
Event: 6.264 Thread 0x00000255574ae170 Exception <a 'java/lang/NoSuchMethodError'{0x00000000cb52b618}: 'void java.lang.invoke.DirectMethodHandle$Holder.invokeStatic(java.lang.Object, java.lang.Object, java.lang.Object, java.lang.Object)'> (0x00000000cb52b618) 
thrown [s\src\hotspot\share\interpreter\linkResolver.cpp, line 771]
Event: 6.605 Thread 0x00000255574ae170 Exception <a 'java/lang/NoSuchMethodError'{0x00000000cb2fa970}: 'void java.lang.invoke.DirectMethodHandle$Holder.invokeStaticInit(java.lang.Object, java.lang.Object)'> (0x00000000cb2fa970) 
thrown [s\src\hotspot\share\interpreter\linkResolver.cpp, line 771]
Event: 6.827 Thread 0x00000255574ae170 Exception <a 'java/lang/NoSuchMethodError'{0x00000000cadccf48}: 'void java.lang.invoke.DirectMethodHandle$Holder.invokeVirtual(java.lang.Object, java.lang.Object)'> (0x00000000cadccf48) 
thrown [s\src\hotspot\share\interpreter\linkResolver.cpp, line 771]
Event: 6.840 Thread 0x00000255574ae170 Exception <a 'java/lang/NoSuchMethodError'{0x00000000cac186c0}: 'int java.lang.invoke.DirectMethodHandle$Holder.invokeVirtual(java.lang.Object, java.lang.Object)'> (0x00000000cac186c0) 
thrown [s\src\hotspot\share\interpreter\linkResolver.cpp, line 771]
Event: 6.885 Thread 0x00000255574ae170 Exception <a 'java/lang/NoSuchMethodError'{0x00000000cacb0148}: 'java.lang.Object java.lang.invoke.Invokers$Holder.invokeExact_MT(java.lang.Object, java.lang.Object, java.lang.Object, java.lang.Object, java.lang.Object, java.lang.Object)'> (0x00000000cacb0148) 
thrown [s\src\hotspot\share\interpreter\linkResolver.cpp, line 771]
Event: 10.334 Thread 0x00000255574ae170 Implicit null exception at 0x00000255624783f2 to 0x00000255624789bc
Event: 10.764 Thread 0x00000255574ae170 Implicit null exception at 0x0000025562478ff2 to 0x00000255624795cc
Event: 10.864 Thread 0x00000255574ae170 Exception <a 'java/lang/NoSuchMethodError'{0x00000000cbe0ca60}: 'java.lang.Object java.lang.invoke.DirectMethodHandle$Holder.invokeVirtual(java.lang.Object, java.lang.Object, java.lang.Object)'> (0x00000000cbe0ca60) 
thrown [s\src\hotspot\share\interpreter\linkResolver.cpp, line 771]

VM Operations (20 events):
Event: 11.085 Executing VM operation: G1CollectForAllocation done
Event: 11.273 Executing VM operation: CollectForMetadataAllocation
Event: 11.282 Executing VM operation: CollectForMetadataAllocation done
Event: 11.308 Executing VM operation: G1Concurrent
Event: 11.312 Executing VM operation: G1Concurrent done
Event: 11.327 Executing VM operation: G1Concurrent
Event: 11.327 Executing VM operation: G1Concurrent done
Event: 12.008 Executing VM operation: G1CollectForAllocation
Event: 12.013 Executing VM operation: G1CollectForAllocation done
Event: 12.041 Executing VM operation: G1CollectForAllocation
Event: 12.046 Executing VM operation: G1CollectForAllocation done
Event: 12.298 Executing VM operation: HandshakeAllThreads
Event: 12.299 Executing VM operation: HandshakeAllThreads done
Event: 12.595 Executing VM operation: G1CollectForAllocation
Event: 12.600 Executing VM operation: G1CollectForAllocation done
Event: 12.634 Executing VM operation: G1Concurrent
Event: 12.638 Executing VM operation: G1Concurrent done
Event: 12.651 Executing VM operation: G1Concurrent
Event: 12.652 Executing VM operation: G1Concurrent done
Event: 13.161 Executing VM operation: G1CollectForAllocation

Events (20 events):
Event: 11.870 loading class sun/reflect/generics/repository/ConstructorRepository
Event: 11.871 loading class sun/reflect/generics/repository/ConstructorRepository done
Event: 11.871 loading class sun/reflect/generics/tree/BottomSignature
Event: 11.871 loading class sun/reflect/generics/tree/BottomSignature done
Event: 11.871 loading class sun/reflect/generics/tree/Wildcard
Event: 11.871 loading class sun/reflect/generics/tree/Wildcard done
Event: 11.871 loading class sun/reflect/generics/tree/VoidDescriptor
Event: 11.871 loading class sun/reflect/generics/tree/VoidDescriptor done
Event: 11.871 loading class sun/reflect/generics/tree/MethodTypeSignature
Event: 11.871 loading class sun/reflect/generics/tree/MethodTypeSignature done
Event: 11.871 loading class sun/reflect/generics/reflectiveObjects/WildcardTypeImpl
Event: 11.871 loading class java/lang/reflect/WildcardType
Event: 11.875 loading class java/lang/reflect/WildcardType done
Event: 11.875 loading class sun/reflect/generics/reflectiveObjects/WildcardTypeImpl done
Event: 12.085 loading class java/lang/TypeNotPresentException
Event: 12.085 loading class java/lang/TypeNotPresentException done
Event: 12.297 loading class sun/reflect/generics/scope/MethodScope
Event: 12.298 loading class sun/reflect/generics/scope/MethodScope done
Event: 12.298 loading class sun/reflect/generics/repository/MethodRepository
Event: 12.298 loading class sun/reflect/generics/repository/MethodRepository done


Dynamic libraries:
0x00007ff725660000 - 0x00007ff72566a000 	C:\Program Files\Android\Android Studio\jbr\bin\java.exe
0x00007ffa51160000 - 0x00007ffa51369000 	C:\WINDOWS\SYSTEM32\ntdll.dll
0x00007ffa50120000 - 0x00007ffa501dd000 	C:\WINDOWS\System32\KERNEL32.DLL
0x00007ffa4e8d0000 - 0x00007ffa4ec54000 	C:\WINDOWS\System32\KERNELBASE.dll
0x00007ffa4e730000 - 0x00007ffa4e841000 	C:\WINDOWS\System32\ucrtbase.dll
0x00007ffa3df90000 - 0x00007ffa3dfab000 	C:\Program Files\Android\Android Studio\jbr\bin\VCRUNTIME140.dll
0x00007ffa3b330000 - 0x00007ffa3b347000 	C:\Program Files\Android\Android Studio\jbr\bin\jli.dll
0x00007ffa4efb0000 - 0x00007ffa4f15d000 	C:\WINDOWS\System32\USER32.dll
0x00007ffa4e700000 - 0x00007ffa4e726000 	C:\WINDOWS\System32\win32u.dll
0x00007ffa501e0000 - 0x00007ffa5020a000 	C:\WINDOWS\System32\GDI32.dll
0x00007ffa4edd0000 - 0x00007ffa4eeee000 	C:\WINDOWS\System32\gdi32full.dll
0x00007ffa4e660000 - 0x00007ffa4e6fd000 	C:\WINDOWS\System32\msvcp_win.dll
0x00007ffa3c360000 - 0x00007ffa3c605000 	C:\WINDOWS\WinSxS\amd64_microsoft.windows.common-controls_6595b64144ccf1df_6.0.22000.120_none_9d947278b86cc467\COMCTL32.dll
0x00007ffa50b10000 - 0x00007ffa50bb3000 	C:\WINDOWS\System32\msvcrt.dll
0x00007ffa4fe10000 - 0x00007ffa4fe41000 	C:\WINDOWS\System32\IMM32.DLL
0x00007ffa3f9a0000 - 0x00007ffa3f9ac000 	C:\Program Files\Android\Android Studio\jbr\bin\vcruntime140_1.dll
0x00007ffa24b20000 - 0x00007ffa24bad000 	C:\Program Files\Android\Android Studio\jbr\bin\msvcp140.dll
0x00007ffa129c0000 - 0x00007ffa13640000 	C:\Program Files\Android\Android Studio\jbr\bin\server\jvm.dll
0x00007ffa50220000 - 0x00007ffa502ce000 	C:\WINDOWS\System32\ADVAPI32.dll
0x00007ffa50bc0000 - 0x00007ffa50c5e000 	C:\WINDOWS\System32\sechost.dll
0x00007ffa4fef0000 - 0x00007ffa50011000 	C:\WINDOWS\System32\RPCRT4.dll
0x00007ffa46ad0000 - 0x00007ffa46b03000 	C:\WINDOWS\SYSTEM32\WINMM.dll
0x00007ffa3df30000 - 0x00007ffa3df39000 	C:\WINDOWS\SYSTEM32\WSOCK32.dll
0x00007ffa4fbf0000 - 0x00007ffa4fc5f000 	C:\WINDOWS\System32\WS2_32.dll
0x00007ffa46370000 - 0x00007ffa4637a000 	C:\WINDOWS\SYSTEM32\VERSION.dll
0x00007ffa4d640000 - 0x00007ffa4d658000 	C:\WINDOWS\SYSTEM32\kernel.appcore.dll
0x00007ffa3df20000 - 0x00007ffa3df2a000 	C:\Program Files\Android\Android Studio\jbr\bin\jimage.dll
0x00007ffa43e40000 - 0x00007ffa44061000 	C:\WINDOWS\SYSTEM32\DBGHELP.DLL
0x00007ffa33ff0000 - 0x00007ffa34021000 	C:\WINDOWS\SYSTEM32\dbgcore.DLL
0x00007ffa4e850000 - 0x00007ffa4e8cf000 	C:\WINDOWS\System32\bcryptPrimitives.dll
0x00007ffa3dd00000 - 0x00007ffa3dd25000 	C:\Program Files\Android\Android Studio\jbr\bin\java.dll
0x00007ffa3beb0000 - 0x00007ffa3bec8000 	C:\Program Files\Android\Android Studio\jbr\bin\zip.dll
0x00007ffa502d0000 - 0x00007ffa50a95000 	C:\WINDOWS\System32\SHELL32.dll
0x00007ffa4c680000 - 0x00007ffa4cee2000 	C:\WINDOWS\SYSTEM32\windows.storage.dll
0x00007ffa50c80000 - 0x00007ffa50ff6000 	C:\WINDOWS\System32\combase.dll
0x00007ffa4c510000 - 0x00007ffa4c677000 	C:\WINDOWS\SYSTEM32\wintypes.dll
0x00007ffa50020000 - 0x00007ffa5010a000 	C:\WINDOWS\System32\SHCORE.dll
0x00007ffa4fd90000 - 0x00007ffa4fded000 	C:\WINDOWS\System32\shlwapi.dll
0x00007ffa4e520000 - 0x00007ffa4e545000 	C:\WINDOWS\SYSTEM32\profapi.dll
0x00007ffa3be90000 - 0x00007ffa3bea9000 	C:\Program Files\Android\Android Studio\jbr\bin\net.dll
0x00007ffa48a80000 - 0x00007ffa48b94000 	C:\WINDOWS\SYSTEM32\WINHTTP.dll
0x00007ffa4db10000 - 0x00007ffa4db77000 	C:\WINDOWS\system32\mswsock.dll
0x00007ffa3bdf0000 - 0x00007ffa3be06000 	C:\Program Files\Android\Android Studio\jbr\bin\nio.dll
0x00007ffa3df00000 - 0x00007ffa3df10000 	C:\Program Files\Android\Android Studio\jbr\bin\verify.dll

dbghelp: loaded successfully - version: 4.0.5 - missing functions: none
symbol engine: initialized successfully - sym options: 0x614 - pdb path: .;C:\Program Files\Android\Android Studio\jbr\bin;C:\WINDOWS\SYSTEM32;C:\WINDOWS\WinSxS\amd64_microsoft.windows.common-controls_6595b64144ccf1df_6.0.22000.120_none_9d947278b86cc467;C:\Program Files\Android\Android Studio\jbr\bin\server

VM Arguments:
java_command: org.jetbrains.kotlin.cli.jvm.K2JVMCompiler @C:\Users\User\AndroidStudioProjects\My_wishlist_App\app\build\20231214_13574707459806934039.compiler.options
java_class_path (initial): C:\Users\User\.gradle\caches\modules-2\files-2.1\org.jetbrains.kotlin\kotlin-compiler-embeddable\1.9.0\2c8c3a7402becca891f12739b3e9fd2dc2adbd7a\kotlin-compiler-embeddable-1.9.0.jar;C:\Users\User\.gradle\caches\modules-2\files-2.1\org.jetbrains.kotlin\kotlin-stdlib\1.9.0\8ee15ef0c67dc83d874f412d84378d7f0eb50b63\kotlin-stdlib-1.9.0.jar;C:\Users\User\.gradle\caches\modules-2\files-2.1\org.jetbrains.kotlin\kotlin-script-runtime\1.9.0\4b3102cbbb7e1b58d9d1adf89563f00069ffa7d1\kotlin-script-runtime-1.9.0.jar;C:\Users\User\.gradle\caches\modules-2\files-2.1\org.jetbrains.kotlin\kotlin-reflect\1.6.10\1cbe9c92c12a94eea200d23c2bbaedaf3daf5132\kotlin-reflect-1.6.10.jar;C:\Users\User\.gradle\caches\modules-2\files-2.1\org.jetbrains.kotlin\kotlin-daemon-embeddable\1.9.0\186543f5e28cf8d9a0290fecc2cf34301c40a65c\kotlin-daemon-embeddable-1.9.0.jar;C:\Users\User\.gradle\caches\modules-2\files-2.1\org.jetbrains.intellij.deps\trove4j\1.0.20200330\3afb14d5f9ceb459d724e907a21145e8ff394f02\trove4j-1.0.20200330.jar;C:\Users\User\.gradle\caches\modules-2\files-2.1\org.jetbrains.kotlin\kotlin-stdlib-common\1.9.0\cd65c21cfd1eec4d44ef09f9f52b6d9f8a720636\kotlin-stdlib-common-1.9.0.jar;C:\Users\User\.gradle\caches\modules-2\files-2.1\org.jetbrains\annotations\13.0\919f0dfe192fb4e063e7dacadee7f8bb9a2672a9\annotations-13.0.jar
Launcher Type: SUN_STANDARD

[Global flags]
     intx CICompilerCount                          = 3                                         {product} {ergonomic}
     uint ConcGCThreads                            = 1                                         {product} {ergonomic}
     uint G1ConcRefinementThreads                  = 4                                         {product} {ergonomic}
   size_t G1HeapRegionSize                         = 1048576                                   {product} {ergonomic}
    uintx GCDrainStackTargetSize                   = 64                                        {product} {ergonomic}
   size_t InitialHeapSize                          = 58720256                                  {product} {ergonomic}
   size_t MarkStackSize                            = 4194304                                   {product} {ergonomic}
   size_t MaxHeapSize                              = 908066816                                 {product} {ergonomic}
   size_t MaxNewSize                               = 544210944                                 {product} {ergonomic}
   size_t MinHeapDeltaBytes                        = 1048576                                   {product} {ergonomic}
   size_t MinHeapSize                              = 8388608                                   {product} {ergonomic}
    uintx NonNMethodCodeHeapSize                   = 5832780                                {pd product} {ergonomic}
    uintx NonProfiledCodeHeapSize                  = 122912730                              {pd product} {ergonomic}
    uintx ProfiledCodeHeapSize                     = 122912730                              {pd product} {ergonomic}
    uintx ReservedCodeCacheSize                    = 251658240                              {pd product} {ergonomic}
     bool SegmentedCodeCache                       = true                                      {product} {ergonomic}
   size_t SoftMaxHeapSize                          = 908066816                              {manageable} {ergonomic}
     bool UseCompressedClassPointers               = true                           {product lp64_product} {ergonomic}
     bool UseCompressedOops                        = true                           {product lp64_product} {ergonomic}
     bool UseG1GC                                  = true                                      {product} {ergonomic}
     bool UseLargePagesIndividualAllocation        = false                                  {pd product} {ergonomic}

Logging:
Log output configuration:
 #0: stdout all=warning uptime,level,tags
 #1: stderr all=off uptime,level,tags

Environment Variables:
PATH=C:\python 3.11\Scripts\;C:\python 3.11\;C:\WINDOWS\system32;C:\WINDOWS;C:\WINDOWS\System32\Wbem;C:\WINDOWS\System32\WindowsPowerShell\v1.0\;C:\WINDOWS\System32\OpenSSH\;C:\MinGW\bin;C:\Program Files\Java\jdk-20\bin;C:\Program Files\Git\cmd;C:\Program Files\Git\mingw64\bin;C:\Program Files\Git\usr\bin;C:\MinGW\bin;C:\Users\User\AppData\Local\Programs\Microsoft VS Code\bin;C:\Users\User\AppData\Local\GitHubDesktop\bin
USERNAME=User
OS=Windows_NT
PROCESSOR_IDENTIFIER=AMD64 Family 23 Model 24 Stepping 1, AuthenticAMD
TMP=C:\Users\User\AppData\Local\Temp
TEMP=C:\Users\User\AppData\Local\Temp


JNI global refs:
JNI global refs: 7, weak refs: 0

JNI global refs memory usage: 843, weak refs: 841

OOME stack traces (most recent first):
Classloader memory used:
Loader jdk.internal.loader.ClassLoaders$AppClassLoader                                 : 3963K
Loader bootstrap                                                                       : 1287K
Loader java.net.URLClassLoader                                                         : 22459B
Loader jdk.internal.reflect.DelegatingClassLoader                                      : 5879B
Loader jdk.internal.loader.ClassLoaders$PlatformClassLoader                            : 2276B


---------------  S Y S T E M  ---------------

OS:
 Windows 11 , 64 bit Build 22000 (10.0.22000.2538)
OS uptime: 12 days 18:09 hours
Hyper-V role detected

CPU: total 4 (initial active 4) (4 cores per cpu, 2 threads per core) family 23 model 24 stepping 1 microcode 0x0, cx8, cmov, fxsr, ht, mmx, 3dnowpref, sse, sse2, sse3, ssse3, sse4a, sse4.1, sse4.2, popcnt, lzcnt, tsc, tscinvbit, avx, avx2, aes, clmul, bmi1, bmi2, adx, sha, fma, vzeroupper, clflush, clflushopt, hv

Memory: 4k page, system-wide physical 3460M (42M free)
TotalPageFile size 14212M (AvailPageFile size 2M)
current process WorkingSet (physical memory assigned to process): 121M, peak: 134M
current process commit charge ("private bytes"): 168M, peak: 185M

vm_info: OpenJDK 64-Bit Server VM (17.0.7+0-b2043.56-10550314) for windows-amd64 JRE (17.0.7+0-b2043.56-10550314), built on Jul 24 2023 18:27:45 by "androidbuild" with MS VC++ 16.10 / 16.11 (VS2019)

END.
